<?xml version="1.0" encoding="UTF-8"?>
<testsuite xmlns:xsi="http://www.w3.org/2001/XMLSchema-instance" xsi:noNamespaceSchemaLocation="https://maven.apache.org/surefire/maven-surefire-plugin/xsd/surefire-test-report-3.0.xsd" version="3.0" name="com.darwinfont.demorabbitmq.ProducerImpRabbitmqApplicationTests" time="4.825" tests="1" errors="0" skipped="0" failures="0">
  <properties>
    <property name="java.specification.version" value="17"/>
    <property name="sun.jnu.encoding" value="UTF-8"/>
    <property name="java.class.path" value="/home/darwin/Escritorio/proyects/rabbitmq/producer-rabbitmq/target/test-classes:/home/darwin/Escritorio/proyects/rabbitmq/producer-rabbitmq/target/classes:/home/darwin/.m2/repository/org/springframework/boot/spring-boot-starter-web/3.1.6/spring-boot-starter-web-3.1.6.jar:/home/darwin/.m2/repository/org/springframework/boot/spring-boot-starter/3.1.6/spring-boot-starter-3.1.6.jar:/home/darwin/.m2/repository/org/springframework/boot/spring-boot/3.1.6/spring-boot-3.1.6.jar:/home/darwin/.m2/repository/org/springframework/boot/spring-boot-autoconfigure/3.1.6/spring-boot-autoconfigure-3.1.6.jar:/home/darwin/.m2/repository/org/springframework/boot/spring-boot-starter-logging/3.1.6/spring-boot-starter-logging-3.1.6.jar:/home/darwin/.m2/repository/ch/qos/logback/logback-classic/1.4.11/logback-classic-1.4.11.jar:/home/darwin/.m2/repository/ch/qos/logback/logback-core/1.4.11/logback-core-1.4.11.jar:/home/darwin/.m2/repository/org/apache/logging/log4j/log4j-to-slf4j/2.20.0/log4j-to-slf4j-2.20.0.jar:/home/darwin/.m2/repository/org/apache/logging/log4j/log4j-api/2.20.0/log4j-api-2.20.0.jar:/home/darwin/.m2/repository/org/slf4j/jul-to-slf4j/2.0.9/jul-to-slf4j-2.0.9.jar:/home/darwin/.m2/repository/jakarta/annotation/jakarta.annotation-api/2.1.1/jakarta.annotation-api-2.1.1.jar:/home/darwin/.m2/repository/org/yaml/snakeyaml/1.33/snakeyaml-1.33.jar:/home/darwin/.m2/repository/org/springframework/boot/spring-boot-starter-json/3.1.6/spring-boot-starter-json-3.1.6.jar:/home/darwin/.m2/repository/com/fasterxml/jackson/core/jackson-databind/2.15.3/jackson-databind-2.15.3.jar:/home/darwin/.m2/repository/com/fasterxml/jackson/core/jackson-annotations/2.15.3/jackson-annotations-2.15.3.jar:/home/darwin/.m2/repository/com/fasterxml/jackson/core/jackson-core/2.15.3/jackson-core-2.15.3.jar:/home/darwin/.m2/repository/com/fasterxml/jackson/datatype/jackson-datatype-jdk8/2.15.3/jackson-datatype-jdk8-2.15.3.jar:/home/darwin/.m2/repository/com/fasterxml/jackson/datatype/jackson-datatype-jsr310/2.15.3/jackson-datatype-jsr310-2.15.3.jar:/home/darwin/.m2/repository/com/fasterxml/jackson/module/jackson-module-parameter-names/2.15.3/jackson-module-parameter-names-2.15.3.jar:/home/darwin/.m2/repository/org/springframework/boot/spring-boot-starter-tomcat/3.1.6/spring-boot-starter-tomcat-3.1.6.jar:/home/darwin/.m2/repository/org/apache/tomcat/embed/tomcat-embed-core/10.1.16/tomcat-embed-core-10.1.16.jar:/home/darwin/.m2/repository/org/apache/tomcat/embed/tomcat-embed-el/10.1.16/tomcat-embed-el-10.1.16.jar:/home/darwin/.m2/repository/org/apache/tomcat/embed/tomcat-embed-websocket/10.1.16/tomcat-embed-websocket-10.1.16.jar:/home/darwin/.m2/repository/org/springframework/spring-web/6.0.14/spring-web-6.0.14.jar:/home/darwin/.m2/repository/org/springframework/spring-beans/6.0.14/spring-beans-6.0.14.jar:/home/darwin/.m2/repository/io/micrometer/micrometer-observation/1.11.6/micrometer-observation-1.11.6.jar:/home/darwin/.m2/repository/io/micrometer/micrometer-commons/1.11.6/micrometer-commons-1.11.6.jar:/home/darwin/.m2/repository/org/springframework/spring-webmvc/6.0.14/spring-webmvc-6.0.14.jar:/home/darwin/.m2/repository/org/springframework/spring-aop/6.0.14/spring-aop-6.0.14.jar:/home/darwin/.m2/repository/org/springframework/spring-context/6.0.14/spring-context-6.0.14.jar:/home/darwin/.m2/repository/org/springframework/spring-expression/6.0.14/spring-expression-6.0.14.jar:/home/darwin/.m2/repository/org/springframework/boot/spring-boot-starter-webflux/3.1.6/spring-boot-starter-webflux-3.1.6.jar:/home/darwin/.m2/repository/org/springframework/boot/spring-boot-starter-reactor-netty/3.1.6/spring-boot-starter-reactor-netty-3.1.6.jar:/home/darwin/.m2/repository/io/projectreactor/netty/reactor-netty-http/1.1.13/reactor-netty-http-1.1.13.jar:/home/darwin/.m2/repository/io/netty/netty-codec-http/4.1.101.Final/netty-codec-http-4.1.101.Final.jar:/home/darwin/.m2/repository/io/netty/netty-common/4.1.101.Final/netty-common-4.1.101.Final.jar:/home/darwin/.m2/repository/io/netty/netty-buffer/4.1.101.Final/netty-buffer-4.1.101.Final.jar:/home/darwin/.m2/repository/io/netty/netty-transport/4.1.101.Final/netty-transport-4.1.101.Final.jar:/home/darwin/.m2/repository/io/netty/netty-codec/4.1.101.Final/netty-codec-4.1.101.Final.jar:/home/darwin/.m2/repository/io/netty/netty-handler/4.1.101.Final/netty-handler-4.1.101.Final.jar:/home/darwin/.m2/repository/io/netty/netty-codec-http2/4.1.101.Final/netty-codec-http2-4.1.101.Final.jar:/home/darwin/.m2/repository/io/netty/netty-resolver-dns/4.1.101.Final/netty-resolver-dns-4.1.101.Final.jar:/home/darwin/.m2/repository/io/netty/netty-resolver/4.1.101.Final/netty-resolver-4.1.101.Final.jar:/home/darwin/.m2/repository/io/netty/netty-codec-dns/4.1.101.Final/netty-codec-dns-4.1.101.Final.jar:/home/darwin/.m2/repository/io/netty/netty-resolver-dns-native-macos/4.1.101.Final/netty-resolver-dns-native-macos-4.1.101.Final-osx-x86_64.jar:/home/darwin/.m2/repository/io/netty/netty-resolver-dns-classes-macos/4.1.101.Final/netty-resolver-dns-classes-macos-4.1.101.Final.jar:/home/darwin/.m2/repository/io/netty/netty-transport-native-epoll/4.1.101.Final/netty-transport-native-epoll-4.1.101.Final-linux-x86_64.jar:/home/darwin/.m2/repository/io/netty/netty-transport-native-unix-common/4.1.101.Final/netty-transport-native-unix-common-4.1.101.Final.jar:/home/darwin/.m2/repository/io/netty/netty-transport-classes-epoll/4.1.101.Final/netty-transport-classes-epoll-4.1.101.Final.jar:/home/darwin/.m2/repository/io/projectreactor/netty/reactor-netty-core/1.1.13/reactor-netty-core-1.1.13.jar:/home/darwin/.m2/repository/io/netty/netty-handler-proxy/4.1.101.Final/netty-handler-proxy-4.1.101.Final.jar:/home/darwin/.m2/repository/io/netty/netty-codec-socks/4.1.101.Final/netty-codec-socks-4.1.101.Final.jar:/home/darwin/.m2/repository/org/springframework/spring-webflux/6.0.14/spring-webflux-6.0.14.jar:/home/darwin/.m2/repository/org/springframework/cloud/spring-cloud-stream/4.0.4/spring-cloud-stream-4.0.4.jar:/home/darwin/.m2/repository/org/springframework/boot/spring-boot-starter-validation/3.1.6/spring-boot-starter-validation-3.1.6.jar:/home/darwin/.m2/repository/org/hibernate/validator/hibernate-validator/8.0.1.Final/hibernate-validator-8.0.1.Final.jar:/home/darwin/.m2/repository/jakarta/validation/jakarta.validation-api/3.0.2/jakarta.validation-api-3.0.2.jar:/home/darwin/.m2/repository/org/jboss/logging/jboss-logging/3.5.3.Final/jboss-logging-3.5.3.Final.jar:/home/darwin/.m2/repository/com/fasterxml/classmate/1.5.1/classmate-1.5.1.jar:/home/darwin/.m2/repository/org/springframework/spring-messaging/6.0.14/spring-messaging-6.0.14.jar:/home/darwin/.m2/repository/org/springframework/integration/spring-integration-core/6.1.5/spring-integration-core-6.1.5.jar:/home/darwin/.m2/repository/org/springframework/spring-tx/6.0.14/spring-tx-6.0.14.jar:/home/darwin/.m2/repository/org/springframework/integration/spring-integration-jmx/6.1.5/spring-integration-jmx-6.1.5.jar:/home/darwin/.m2/repository/org/springframework/retry/spring-retry/2.0.4/spring-retry-2.0.4.jar:/home/darwin/.m2/repository/org/springframework/cloud/spring-cloud-function-context/4.0.5/spring-cloud-function-context-4.0.5.jar:/home/darwin/.m2/repository/net/jodah/typetools/0.6.2/typetools-0.6.2.jar:/home/darwin/.m2/repository/org/springframework/cloud/spring-cloud-function-core/4.0.5/spring-cloud-function-core-4.0.5.jar:/home/darwin/.m2/repository/org/jetbrains/kotlin/kotlin-stdlib-jdk8/1.8.22/kotlin-stdlib-jdk8-1.8.22.jar:/home/darwin/.m2/repository/org/jetbrains/kotlin/kotlin-stdlib/1.8.22/kotlin-stdlib-1.8.22.jar:/home/darwin/.m2/repository/org/jetbrains/kotlin/kotlin-stdlib-common/1.8.22/kotlin-stdlib-common-1.8.22.jar:/home/darwin/.m2/repository/org/jetbrains/annotations/13.0/annotations-13.0.jar:/home/darwin/.m2/repository/org/jetbrains/kotlin/kotlin-stdlib-jdk7/1.8.22/kotlin-stdlib-jdk7-1.8.22.jar:/home/darwin/.m2/repository/org/springframework/cloud/spring-cloud-stream-binder-rabbit/4.0.4/spring-cloud-stream-binder-rabbit-4.0.4.jar:/home/darwin/.m2/repository/org/springframework/cloud/spring-cloud-stream-binder-rabbit-core/4.0.4/spring-cloud-stream-binder-rabbit-core-4.0.4.jar:/home/darwin/.m2/repository/io/projectreactor/netty/reactor-netty/1.1.13/reactor-netty-1.1.13.jar:/home/darwin/.m2/repository/io/projectreactor/netty/incubator/reactor-netty-incubator-quic/0.1.13/reactor-netty-incubator-quic-0.1.13.jar:/home/darwin/.m2/repository/io/netty/incubator/netty-incubator-codec-native-quic/0.0.52.Final/netty-incubator-codec-native-quic-0.0.52.Final-linux-x86_64.jar:/home/darwin/.m2/repository/io/netty/incubator/netty-incubator-codec-classes-quic/0.0.52.Final/netty-incubator-codec-classes-quic-0.0.52.Final.jar:/home/darwin/.m2/repository/org/springframework/boot/spring-boot-starter-amqp/3.1.6/spring-boot-starter-amqp-3.1.6.jar:/home/darwin/.m2/repository/org/springframework/amqp/spring-rabbit/3.0.10/spring-rabbit-3.0.10.jar:/home/darwin/.m2/repository/org/springframework/amqp/spring-amqp/3.0.10/spring-amqp-3.0.10.jar:/home/darwin/.m2/repository/com/rabbitmq/amqp-client/5.17.1/amqp-client-5.17.1.jar:/home/darwin/.m2/repository/org/springframework/integration/spring-integration-amqp/6.1.5/spring-integration-amqp-6.1.5.jar:/home/darwin/.m2/repository/org/apache/httpcomponents/httpclient/4.5.14/httpclient-4.5.14.jar:/home/darwin/.m2/repository/org/apache/httpcomponents/httpcore/4.4.16/httpcore-4.4.16.jar:/home/darwin/.m2/repository/commons-codec/commons-codec/1.15/commons-codec-1.15.jar:/home/darwin/.m2/repository/org/springframework/cloud/spring-cloud-starter-stream-rabbit/4.0.4/spring-cloud-starter-stream-rabbit-4.0.4.jar:/home/darwin/.m2/repository/org/springframework/boot/spring-boot-configuration-processor/3.1.6/spring-boot-configuration-processor-3.1.6.jar:/home/darwin/.m2/repository/org/projectlombok/lombok/1.18.30/lombok-1.18.30.jar:/home/darwin/.m2/repository/org/springframework/boot/spring-boot-starter-test/3.1.6/spring-boot-starter-test-3.1.6.jar:/home/darwin/.m2/repository/org/springframework/boot/spring-boot-test/3.1.6/spring-boot-test-3.1.6.jar:/home/darwin/.m2/repository/org/springframework/boot/spring-boot-test-autoconfigure/3.1.6/spring-boot-test-autoconfigure-3.1.6.jar:/home/darwin/.m2/repository/com/jayway/jsonpath/json-path/2.8.0/json-path-2.8.0.jar:/home/darwin/.m2/repository/org/slf4j/slf4j-api/2.0.9/slf4j-api-2.0.9.jar:/home/darwin/.m2/repository/jakarta/xml/bind/jakarta.xml.bind-api/4.0.1/jakarta.xml.bind-api-4.0.1.jar:/home/darwin/.m2/repository/jakarta/activation/jakarta.activation-api/2.1.2/jakarta.activation-api-2.1.2.jar:/home/darwin/.m2/repository/net/minidev/json-smart/2.4.11/json-smart-2.4.11.jar:/home/darwin/.m2/repository/net/minidev/accessors-smart/2.4.11/accessors-smart-2.4.11.jar:/home/darwin/.m2/repository/org/ow2/asm/asm/9.3/asm-9.3.jar:/home/darwin/.m2/repository/org/assertj/assertj-core/3.24.2/assertj-core-3.24.2.jar:/home/darwin/.m2/repository/net/bytebuddy/byte-buddy/1.14.10/byte-buddy-1.14.10.jar:/home/darwin/.m2/repository/org/hamcrest/hamcrest/2.2/hamcrest-2.2.jar:/home/darwin/.m2/repository/org/junit/jupiter/junit-jupiter/5.9.3/junit-jupiter-5.9.3.jar:/home/darwin/.m2/repository/org/junit/jupiter/junit-jupiter-api/5.9.3/junit-jupiter-api-5.9.3.jar:/home/darwin/.m2/repository/org/opentest4j/opentest4j/1.2.0/opentest4j-1.2.0.jar:/home/darwin/.m2/repository/org/junit/platform/junit-platform-commons/1.9.3/junit-platform-commons-1.9.3.jar:/home/darwin/.m2/repository/org/apiguardian/apiguardian-api/1.1.2/apiguardian-api-1.1.2.jar:/home/darwin/.m2/repository/org/junit/jupiter/junit-jupiter-params/5.9.3/junit-jupiter-params-5.9.3.jar:/home/darwin/.m2/repository/org/junit/jupiter/junit-jupiter-engine/5.9.3/junit-jupiter-engine-5.9.3.jar:/home/darwin/.m2/repository/org/junit/platform/junit-platform-engine/1.9.3/junit-platform-engine-1.9.3.jar:/home/darwin/.m2/repository/org/mockito/mockito-core/5.3.1/mockito-core-5.3.1.jar:/home/darwin/.m2/repository/net/bytebuddy/byte-buddy-agent/1.14.10/byte-buddy-agent-1.14.10.jar:/home/darwin/.m2/repository/org/objenesis/objenesis/3.3/objenesis-3.3.jar:/home/darwin/.m2/repository/org/mockito/mockito-junit-jupiter/5.3.1/mockito-junit-jupiter-5.3.1.jar:/home/darwin/.m2/repository/org/skyscreamer/jsonassert/1.5.1/jsonassert-1.5.1.jar:/home/darwin/.m2/repository/com/vaadin/external/google/android-json/0.0.20131108.vaadin1/android-json-0.0.20131108.vaadin1.jar:/home/darwin/.m2/repository/org/springframework/spring-core/6.0.14/spring-core-6.0.14.jar:/home/darwin/.m2/repository/org/springframework/spring-jcl/6.0.14/spring-jcl-6.0.14.jar:/home/darwin/.m2/repository/org/springframework/spring-test/6.0.14/spring-test-6.0.14.jar:/home/darwin/.m2/repository/org/xmlunit/xmlunit-core/2.9.1/xmlunit-core-2.9.1.jar:/home/darwin/.m2/repository/io/projectreactor/reactor-test/3.5.12/reactor-test-3.5.12.jar:/home/darwin/.m2/repository/io/projectreactor/reactor-core/3.5.12/reactor-core-3.5.12.jar:/home/darwin/.m2/repository/org/reactivestreams/reactive-streams/1.0.4/reactive-streams-1.0.4.jar:/home/darwin/.m2/repository/org/springframework/cloud/spring-cloud-stream-test-binder/4.0.4/spring-cloud-stream-test-binder-4.0.4.jar:"/>
    <property name="java.vm.vendor" value="Oracle Corporation"/>
    <property name="sun.arch.data.model" value="64"/>
    <property name="java.vendor.url" value="https://java.oracle.com/"/>
    <property name="user.timezone" value="America/Argentina/Salta"/>
    <property name="org.jboss.logging.provider" value="slf4j"/>
    <property name="os.name" value="Linux"/>
    <property name="java.vm.specification.version" value="17"/>
    <property name="sun.java.launcher" value="SUN_STANDARD"/>
    <property name="user.country" value="US"/>
    <property name="sun.boot.library.path" value="/home/darwin/graalvm-jdk-17.0.9+11.1/lib"/>
    <property name="sun.java.command" value="/home/darwin/Escritorio/proyects/rabbitmq/producer-rabbitmq/target/surefire/surefirebooter-20231203000617747_3.jar /home/darwin/Escritorio/proyects/rabbitmq/producer-rabbitmq/target/surefire 2023-12-03T00-06-17_635-jvmRun1 surefire-20231203000617747_1tmp surefire_0-20231203000617747_2tmp"/>
    <property name="jdk.debug" value="release"/>
    <property name="surefire.test.class.path" value="/home/darwin/Escritorio/proyects/rabbitmq/producer-rabbitmq/target/test-classes:/home/darwin/Escritorio/proyects/rabbitmq/producer-rabbitmq/target/classes:/home/darwin/.m2/repository/org/springframework/boot/spring-boot-starter-web/3.1.6/spring-boot-starter-web-3.1.6.jar:/home/darwin/.m2/repository/org/springframework/boot/spring-boot-starter/3.1.6/spring-boot-starter-3.1.6.jar:/home/darwin/.m2/repository/org/springframework/boot/spring-boot/3.1.6/spring-boot-3.1.6.jar:/home/darwin/.m2/repository/org/springframework/boot/spring-boot-autoconfigure/3.1.6/spring-boot-autoconfigure-3.1.6.jar:/home/darwin/.m2/repository/org/springframework/boot/spring-boot-starter-logging/3.1.6/spring-boot-starter-logging-3.1.6.jar:/home/darwin/.m2/repository/ch/qos/logback/logback-classic/1.4.11/logback-classic-1.4.11.jar:/home/darwin/.m2/repository/ch/qos/logback/logback-core/1.4.11/logback-core-1.4.11.jar:/home/darwin/.m2/repository/org/apache/logging/log4j/log4j-to-slf4j/2.20.0/log4j-to-slf4j-2.20.0.jar:/home/darwin/.m2/repository/org/apache/logging/log4j/log4j-api/2.20.0/log4j-api-2.20.0.jar:/home/darwin/.m2/repository/org/slf4j/jul-to-slf4j/2.0.9/jul-to-slf4j-2.0.9.jar:/home/darwin/.m2/repository/jakarta/annotation/jakarta.annotation-api/2.1.1/jakarta.annotation-api-2.1.1.jar:/home/darwin/.m2/repository/org/yaml/snakeyaml/1.33/snakeyaml-1.33.jar:/home/darwin/.m2/repository/org/springframework/boot/spring-boot-starter-json/3.1.6/spring-boot-starter-json-3.1.6.jar:/home/darwin/.m2/repository/com/fasterxml/jackson/core/jackson-databind/2.15.3/jackson-databind-2.15.3.jar:/home/darwin/.m2/repository/com/fasterxml/jackson/core/jackson-annotations/2.15.3/jackson-annotations-2.15.3.jar:/home/darwin/.m2/repository/com/fasterxml/jackson/core/jackson-core/2.15.3/jackson-core-2.15.3.jar:/home/darwin/.m2/repository/com/fasterxml/jackson/datatype/jackson-datatype-jdk8/2.15.3/jackson-datatype-jdk8-2.15.3.jar:/home/darwin/.m2/repository/com/fasterxml/jackson/datatype/jackson-datatype-jsr310/2.15.3/jackson-datatype-jsr310-2.15.3.jar:/home/darwin/.m2/repository/com/fasterxml/jackson/module/jackson-module-parameter-names/2.15.3/jackson-module-parameter-names-2.15.3.jar:/home/darwin/.m2/repository/org/springframework/boot/spring-boot-starter-tomcat/3.1.6/spring-boot-starter-tomcat-3.1.6.jar:/home/darwin/.m2/repository/org/apache/tomcat/embed/tomcat-embed-core/10.1.16/tomcat-embed-core-10.1.16.jar:/home/darwin/.m2/repository/org/apache/tomcat/embed/tomcat-embed-el/10.1.16/tomcat-embed-el-10.1.16.jar:/home/darwin/.m2/repository/org/apache/tomcat/embed/tomcat-embed-websocket/10.1.16/tomcat-embed-websocket-10.1.16.jar:/home/darwin/.m2/repository/org/springframework/spring-web/6.0.14/spring-web-6.0.14.jar:/home/darwin/.m2/repository/org/springframework/spring-beans/6.0.14/spring-beans-6.0.14.jar:/home/darwin/.m2/repository/io/micrometer/micrometer-observation/1.11.6/micrometer-observation-1.11.6.jar:/home/darwin/.m2/repository/io/micrometer/micrometer-commons/1.11.6/micrometer-commons-1.11.6.jar:/home/darwin/.m2/repository/org/springframework/spring-webmvc/6.0.14/spring-webmvc-6.0.14.jar:/home/darwin/.m2/repository/org/springframework/spring-aop/6.0.14/spring-aop-6.0.14.jar:/home/darwin/.m2/repository/org/springframework/spring-context/6.0.14/spring-context-6.0.14.jar:/home/darwin/.m2/repository/org/springframework/spring-expression/6.0.14/spring-expression-6.0.14.jar:/home/darwin/.m2/repository/org/springframework/boot/spring-boot-starter-webflux/3.1.6/spring-boot-starter-webflux-3.1.6.jar:/home/darwin/.m2/repository/org/springframework/boot/spring-boot-starter-reactor-netty/3.1.6/spring-boot-starter-reactor-netty-3.1.6.jar:/home/darwin/.m2/repository/io/projectreactor/netty/reactor-netty-http/1.1.13/reactor-netty-http-1.1.13.jar:/home/darwin/.m2/repository/io/netty/netty-codec-http/4.1.101.Final/netty-codec-http-4.1.101.Final.jar:/home/darwin/.m2/repository/io/netty/netty-common/4.1.101.Final/netty-common-4.1.101.Final.jar:/home/darwin/.m2/repository/io/netty/netty-buffer/4.1.101.Final/netty-buffer-4.1.101.Final.jar:/home/darwin/.m2/repository/io/netty/netty-transport/4.1.101.Final/netty-transport-4.1.101.Final.jar:/home/darwin/.m2/repository/io/netty/netty-codec/4.1.101.Final/netty-codec-4.1.101.Final.jar:/home/darwin/.m2/repository/io/netty/netty-handler/4.1.101.Final/netty-handler-4.1.101.Final.jar:/home/darwin/.m2/repository/io/netty/netty-codec-http2/4.1.101.Final/netty-codec-http2-4.1.101.Final.jar:/home/darwin/.m2/repository/io/netty/netty-resolver-dns/4.1.101.Final/netty-resolver-dns-4.1.101.Final.jar:/home/darwin/.m2/repository/io/netty/netty-resolver/4.1.101.Final/netty-resolver-4.1.101.Final.jar:/home/darwin/.m2/repository/io/netty/netty-codec-dns/4.1.101.Final/netty-codec-dns-4.1.101.Final.jar:/home/darwin/.m2/repository/io/netty/netty-resolver-dns-native-macos/4.1.101.Final/netty-resolver-dns-native-macos-4.1.101.Final-osx-x86_64.jar:/home/darwin/.m2/repository/io/netty/netty-resolver-dns-classes-macos/4.1.101.Final/netty-resolver-dns-classes-macos-4.1.101.Final.jar:/home/darwin/.m2/repository/io/netty/netty-transport-native-epoll/4.1.101.Final/netty-transport-native-epoll-4.1.101.Final-linux-x86_64.jar:/home/darwin/.m2/repository/io/netty/netty-transport-native-unix-common/4.1.101.Final/netty-transport-native-unix-common-4.1.101.Final.jar:/home/darwin/.m2/repository/io/netty/netty-transport-classes-epoll/4.1.101.Final/netty-transport-classes-epoll-4.1.101.Final.jar:/home/darwin/.m2/repository/io/projectreactor/netty/reactor-netty-core/1.1.13/reactor-netty-core-1.1.13.jar:/home/darwin/.m2/repository/io/netty/netty-handler-proxy/4.1.101.Final/netty-handler-proxy-4.1.101.Final.jar:/home/darwin/.m2/repository/io/netty/netty-codec-socks/4.1.101.Final/netty-codec-socks-4.1.101.Final.jar:/home/darwin/.m2/repository/org/springframework/spring-webflux/6.0.14/spring-webflux-6.0.14.jar:/home/darwin/.m2/repository/org/springframework/cloud/spring-cloud-stream/4.0.4/spring-cloud-stream-4.0.4.jar:/home/darwin/.m2/repository/org/springframework/boot/spring-boot-starter-validation/3.1.6/spring-boot-starter-validation-3.1.6.jar:/home/darwin/.m2/repository/org/hibernate/validator/hibernate-validator/8.0.1.Final/hibernate-validator-8.0.1.Final.jar:/home/darwin/.m2/repository/jakarta/validation/jakarta.validation-api/3.0.2/jakarta.validation-api-3.0.2.jar:/home/darwin/.m2/repository/org/jboss/logging/jboss-logging/3.5.3.Final/jboss-logging-3.5.3.Final.jar:/home/darwin/.m2/repository/com/fasterxml/classmate/1.5.1/classmate-1.5.1.jar:/home/darwin/.m2/repository/org/springframework/spring-messaging/6.0.14/spring-messaging-6.0.14.jar:/home/darwin/.m2/repository/org/springframework/integration/spring-integration-core/6.1.5/spring-integration-core-6.1.5.jar:/home/darwin/.m2/repository/org/springframework/spring-tx/6.0.14/spring-tx-6.0.14.jar:/home/darwin/.m2/repository/org/springframework/integration/spring-integration-jmx/6.1.5/spring-integration-jmx-6.1.5.jar:/home/darwin/.m2/repository/org/springframework/retry/spring-retry/2.0.4/spring-retry-2.0.4.jar:/home/darwin/.m2/repository/org/springframework/cloud/spring-cloud-function-context/4.0.5/spring-cloud-function-context-4.0.5.jar:/home/darwin/.m2/repository/net/jodah/typetools/0.6.2/typetools-0.6.2.jar:/home/darwin/.m2/repository/org/springframework/cloud/spring-cloud-function-core/4.0.5/spring-cloud-function-core-4.0.5.jar:/home/darwin/.m2/repository/org/jetbrains/kotlin/kotlin-stdlib-jdk8/1.8.22/kotlin-stdlib-jdk8-1.8.22.jar:/home/darwin/.m2/repository/org/jetbrains/kotlin/kotlin-stdlib/1.8.22/kotlin-stdlib-1.8.22.jar:/home/darwin/.m2/repository/org/jetbrains/kotlin/kotlin-stdlib-common/1.8.22/kotlin-stdlib-common-1.8.22.jar:/home/darwin/.m2/repository/org/jetbrains/annotations/13.0/annotations-13.0.jar:/home/darwin/.m2/repository/org/jetbrains/kotlin/kotlin-stdlib-jdk7/1.8.22/kotlin-stdlib-jdk7-1.8.22.jar:/home/darwin/.m2/repository/org/springframework/cloud/spring-cloud-stream-binder-rabbit/4.0.4/spring-cloud-stream-binder-rabbit-4.0.4.jar:/home/darwin/.m2/repository/org/springframework/cloud/spring-cloud-stream-binder-rabbit-core/4.0.4/spring-cloud-stream-binder-rabbit-core-4.0.4.jar:/home/darwin/.m2/repository/io/projectreactor/netty/reactor-netty/1.1.13/reactor-netty-1.1.13.jar:/home/darwin/.m2/repository/io/projectreactor/netty/incubator/reactor-netty-incubator-quic/0.1.13/reactor-netty-incubator-quic-0.1.13.jar:/home/darwin/.m2/repository/io/netty/incubator/netty-incubator-codec-native-quic/0.0.52.Final/netty-incubator-codec-native-quic-0.0.52.Final-linux-x86_64.jar:/home/darwin/.m2/repository/io/netty/incubator/netty-incubator-codec-classes-quic/0.0.52.Final/netty-incubator-codec-classes-quic-0.0.52.Final.jar:/home/darwin/.m2/repository/org/springframework/boot/spring-boot-starter-amqp/3.1.6/spring-boot-starter-amqp-3.1.6.jar:/home/darwin/.m2/repository/org/springframework/amqp/spring-rabbit/3.0.10/spring-rabbit-3.0.10.jar:/home/darwin/.m2/repository/org/springframework/amqp/spring-amqp/3.0.10/spring-amqp-3.0.10.jar:/home/darwin/.m2/repository/com/rabbitmq/amqp-client/5.17.1/amqp-client-5.17.1.jar:/home/darwin/.m2/repository/org/springframework/integration/spring-integration-amqp/6.1.5/spring-integration-amqp-6.1.5.jar:/home/darwin/.m2/repository/org/apache/httpcomponents/httpclient/4.5.14/httpclient-4.5.14.jar:/home/darwin/.m2/repository/org/apache/httpcomponents/httpcore/4.4.16/httpcore-4.4.16.jar:/home/darwin/.m2/repository/commons-codec/commons-codec/1.15/commons-codec-1.15.jar:/home/darwin/.m2/repository/org/springframework/cloud/spring-cloud-starter-stream-rabbit/4.0.4/spring-cloud-starter-stream-rabbit-4.0.4.jar:/home/darwin/.m2/repository/org/springframework/boot/spring-boot-configuration-processor/3.1.6/spring-boot-configuration-processor-3.1.6.jar:/home/darwin/.m2/repository/org/projectlombok/lombok/1.18.30/lombok-1.18.30.jar:/home/darwin/.m2/repository/org/springframework/boot/spring-boot-starter-test/3.1.6/spring-boot-starter-test-3.1.6.jar:/home/darwin/.m2/repository/org/springframework/boot/spring-boot-test/3.1.6/spring-boot-test-3.1.6.jar:/home/darwin/.m2/repository/org/springframework/boot/spring-boot-test-autoconfigure/3.1.6/spring-boot-test-autoconfigure-3.1.6.jar:/home/darwin/.m2/repository/com/jayway/jsonpath/json-path/2.8.0/json-path-2.8.0.jar:/home/darwin/.m2/repository/org/slf4j/slf4j-api/2.0.9/slf4j-api-2.0.9.jar:/home/darwin/.m2/repository/jakarta/xml/bind/jakarta.xml.bind-api/4.0.1/jakarta.xml.bind-api-4.0.1.jar:/home/darwin/.m2/repository/jakarta/activation/jakarta.activation-api/2.1.2/jakarta.activation-api-2.1.2.jar:/home/darwin/.m2/repository/net/minidev/json-smart/2.4.11/json-smart-2.4.11.jar:/home/darwin/.m2/repository/net/minidev/accessors-smart/2.4.11/accessors-smart-2.4.11.jar:/home/darwin/.m2/repository/org/ow2/asm/asm/9.3/asm-9.3.jar:/home/darwin/.m2/repository/org/assertj/assertj-core/3.24.2/assertj-core-3.24.2.jar:/home/darwin/.m2/repository/net/bytebuddy/byte-buddy/1.14.10/byte-buddy-1.14.10.jar:/home/darwin/.m2/repository/org/hamcrest/hamcrest/2.2/hamcrest-2.2.jar:/home/darwin/.m2/repository/org/junit/jupiter/junit-jupiter/5.9.3/junit-jupiter-5.9.3.jar:/home/darwin/.m2/repository/org/junit/jupiter/junit-jupiter-api/5.9.3/junit-jupiter-api-5.9.3.jar:/home/darwin/.m2/repository/org/opentest4j/opentest4j/1.2.0/opentest4j-1.2.0.jar:/home/darwin/.m2/repository/org/junit/platform/junit-platform-commons/1.9.3/junit-platform-commons-1.9.3.jar:/home/darwin/.m2/repository/org/apiguardian/apiguardian-api/1.1.2/apiguardian-api-1.1.2.jar:/home/darwin/.m2/repository/org/junit/jupiter/junit-jupiter-params/5.9.3/junit-jupiter-params-5.9.3.jar:/home/darwin/.m2/repository/org/junit/jupiter/junit-jupiter-engine/5.9.3/junit-jupiter-engine-5.9.3.jar:/home/darwin/.m2/repository/org/junit/platform/junit-platform-engine/1.9.3/junit-platform-engine-1.9.3.jar:/home/darwin/.m2/repository/org/mockito/mockito-core/5.3.1/mockito-core-5.3.1.jar:/home/darwin/.m2/repository/net/bytebuddy/byte-buddy-agent/1.14.10/byte-buddy-agent-1.14.10.jar:/home/darwin/.m2/repository/org/objenesis/objenesis/3.3/objenesis-3.3.jar:/home/darwin/.m2/repository/org/mockito/mockito-junit-jupiter/5.3.1/mockito-junit-jupiter-5.3.1.jar:/home/darwin/.m2/repository/org/skyscreamer/jsonassert/1.5.1/jsonassert-1.5.1.jar:/home/darwin/.m2/repository/com/vaadin/external/google/android-json/0.0.20131108.vaadin1/android-json-0.0.20131108.vaadin1.jar:/home/darwin/.m2/repository/org/springframework/spring-core/6.0.14/spring-core-6.0.14.jar:/home/darwin/.m2/repository/org/springframework/spring-jcl/6.0.14/spring-jcl-6.0.14.jar:/home/darwin/.m2/repository/org/springframework/spring-test/6.0.14/spring-test-6.0.14.jar:/home/darwin/.m2/repository/org/xmlunit/xmlunit-core/2.9.1/xmlunit-core-2.9.1.jar:/home/darwin/.m2/repository/io/projectreactor/reactor-test/3.5.12/reactor-test-3.5.12.jar:/home/darwin/.m2/repository/io/projectreactor/reactor-core/3.5.12/reactor-core-3.5.12.jar:/home/darwin/.m2/repository/org/reactivestreams/reactive-streams/1.0.4/reactive-streams-1.0.4.jar:/home/darwin/.m2/repository/org/springframework/cloud/spring-cloud-stream-test-binder/4.0.4/spring-cloud-stream-test-binder-4.0.4.jar:"/>
    <property name="sun.cpu.endian" value="little"/>
    <property name="user.home" value="/home/darwin"/>
    <property name="user.language" value="en"/>
    <property name="java.specification.vendor" value="Oracle Corporation"/>
    <property name="java.version.date" value="2023-10-17"/>
    <property name="java.home" value="/home/darwin/graalvm-jdk-17.0.9+11.1"/>
    <property name="file.separator" value="/"/>
    <property name="basedir" value="/home/darwin/Escritorio/proyects/rabbitmq/producer-rabbitmq"/>
    <property name="java.vm.compressedOopsMode" value="32-bit"/>
    <property name="jdk.internal.vm.ci.enabled" value="true"/>
    <property name="line.separator" value="&#10;"/>
    <property name="java.vm.specification.vendor" value="Oracle Corporation"/>
    <property name="java.specification.name" value="Java Platform API Specification"/>
    <property name="FILE_LOG_CHARSET" value="UTF-8"/>
    <property name="java.awt.headless" value="true"/>
    <property name="surefire.real.class.path" value="/home/darwin/Escritorio/proyects/rabbitmq/producer-rabbitmq/target/surefire/surefirebooter-20231203000617747_3.jar"/>
    <property name="junit.platform.listeners.uid.tracking.enabled" value="true"/>
    <property name="sun.management.compiler" value="HotSpot 64-Bit Tiered Compilers"/>
    <property name="junit.platform.listeners.uid.tracking.output.dir" value="/home/darwin/Escritorio/proyects/rabbitmq/producer-rabbitmq/target/test-ids"/>
    <property name="java.runtime.version" value="17.0.9+11-LTS-jvmci-23.0-b21"/>
    <property name="user.name" value="darwin"/>
    <property name="path.separator" value=":"/>
    <property name="os.version" value="5.4.0-166-generic"/>
    <property name="java.runtime.name" value="Java(TM) SE Runtime Environment"/>
    <property name="file.encoding" value="UTF-8"/>
    <property name="java.vm.name" value="Java HotSpot(TM) 64-Bit Server VM"/>
    <property name="java.vendor.version" value="Oracle GraalVM 17.0.9+11.1"/>
    <property name="localRepository" value="/home/darwin/.m2/repository"/>
    <property name="java.vendor.url.bug" value="https://bugreport.java.com/bugreport/"/>
    <property name="java.io.tmpdir" value="/tmp"/>
    <property name="java.version" value="17.0.9"/>
    <property name="user.dir" value="/home/darwin/Escritorio/proyects/rabbitmq/producer-rabbitmq"/>
    <property name="os.arch" value="amd64"/>
    <property name="java.vm.specification.name" value="Java Virtual Machine Specification"/>
    <property name="PID" value="653656"/>
    <property name="CONSOLE_LOG_CHARSET" value="UTF-8"/>
    <property name="native.encoding" value="UTF-8"/>
    <property name="java.library.path" value="/usr/java/packages/lib:/usr/lib64:/lib64:/lib:/usr/lib"/>
    <property name="java.vm.info" value="mixed mode, sharing"/>
    <property name="java.vendor" value="Oracle Corporation"/>
    <property name="java.vm.version" value="17.0.9+11-LTS-jvmci-23.0-b21"/>
    <property name="sun.io.unicode.encoding" value="UnicodeLittle"/>
    <property name="java.class.version" value="61.0"/>
  </properties>
  <testcase name="contextLoads" classname="com.darwinfont.demorabbitmq.ProducerImpRabbitmqApplicationTests" time="1.087">
    <system-out><![CDATA[00:06:18.734 [main] INFO org.springframework.test.context.support.AnnotationConfigContextLoaderUtils -- Could not detect default configuration classes for test class [com.darwinfont.demorabbitmq.ProducerImpRabbitmqApplicationTests]: ProducerImpRabbitmqApplicationTests does not declare any static, non-private, non-final, nested classes annotated with @Configuration.
00:06:18.857 [main] INFO org.springframework.boot.test.context.SpringBootTestContextBootstrapper -- Found @SpringBootConfiguration com.darwinfont.demorabbitmq.ProducerRabbitmqApplication for test class com.darwinfont.demorabbitmq.ProducerImpRabbitmqApplicationTests

  .   ____          _            __ _ _
 /\\ / ___'_ __ _ _(_)_ __  __ _ \ \ \ \
( ( )\___ | '_ | '_| | '_ \/ _` | \ \ \ \
 \\/  ___)| |_)| | | | | || (_| |  ) ) ) )
  '  |____| .__|_| |_|_| |_\__, | / / / /
 =========|_|==============|___/=/_/_/_/
 :: Spring Boot ::                (v3.1.6)

2023-12-03T00:06:19.375-03:00  INFO 653656 --- [           main] .d.d.ProducerImpRabbitmqApplicationTests : Starting ProducerImpRabbitmqApplicationTests using Java 17.0.9 with PID 653656 (started by darwin in /home/darwin/Escritorio/proyects/rabbitmq/producer-rabbitmq)
2023-12-03T00:06:19.377-03:00  INFO 653656 --- [           main] .d.d.ProducerImpRabbitmqApplicationTests : No active profile set, falling back to 1 default profile: "default"
2023-12-03T00:06:20.318-03:00  INFO 653656 --- [           main] faultConfiguringBeanFactoryPostProcessor : No bean named 'errorChannel' has been explicitly defined. Therefore, a default PublishSubscribeChannel will be created.
2023-12-03T00:06:20.332-03:00  INFO 653656 --- [           main] faultConfiguringBeanFactoryPostProcessor : No bean named 'integrationHeaderChannelRegistry' has been explicitly defined. Therefore, a default DefaultHeaderChannelRegistry will be created.
2023-12-03T00:06:22.084-03:00  INFO 653656 --- [           main] o.s.i.endpoint.EventDrivenConsumer       : Adding {logging-channel-adapter:_org.springframework.integration.errorLogger} as a subscriber to the 'errorChannel' channel
2023-12-03T00:06:22.084-03:00  INFO 653656 --- [           main] o.s.i.channel.PublishSubscribeChannel    : Channel 'producer-rabbitmq.errorChannel' has 1 subscriber(s).
2023-12-03T00:06:22.085-03:00  INFO 653656 --- [           main] o.s.i.endpoint.EventDrivenConsumer       : started bean '_org.springframework.integration.errorLogger'
2023-12-03T00:06:22.086-03:00  INFO 653656 --- [           main] o.s.c.s.binder.DefaultBinderFactory      : Creating binder: integration
2023-12-03T00:06:22.087-03:00  INFO 653656 --- [           main] o.s.c.s.binder.DefaultBinderFactory      : Constructing binder child context for integration
2023-12-03T00:06:22.201-03:00  INFO 653656 --- [           main] o.s.c.s.binder.DefaultBinderFactory      : Caching the binder: integration
2023-12-03T00:06:22.209-03:00  INFO 653656 --- [           main] o.s.i.channel.PublishSubscribeChannel    : Channel 'output.destination' has 1 subscriber(s).
2023-12-03T00:06:22.212-03:00  INFO 653656 --- [           main] o.s.c.s.m.DirectWithAttributesChannel    : Channel 'producer-rabbitmq.output' has 1 subscriber(s).
2023-12-03T00:06:22.227-03:00  INFO 653656 --- [           main] .d.d.ProducerImpRabbitmqApplicationTests : Started ProducerImpRabbitmqApplicationTests in 3.174 seconds (process running for 4.411)
]]></system-out>
  </testcase>
</testsuite>